<?xml version="1.0" encoding="UTF-8"?>
<!-- Generated by org.testng.reporters.JUnitXMLReporter -->
<testsuite ignored="0" hostname="DESKTOP-KCVT8GQ" failures="0" tests="4" name="Default test" time="169.041" errors="0" timestamp="2020-10-20T19:46:24 EEST">
  <testcase classname="SearchAreaTestEdge" name="propertySearch" time="21.798"/>
  <testcase classname="SearchAreaTestEdge" name="setSearchCriteria" time="5.261"/>
  <testcase classname="SearchAreaTestEdge" name="verifySearchResults" time="55.323"/>
  <testcase classname="SearchAreaTestEdge" name="verifyResultsSortedCorrectly" time="51.75"/>
</testsuite> <!-- Default test -->
