<?xml version="1.0" encoding="UTF-8"?>
<!-- Generated by org.testng.reporters.JUnitXMLReporter -->
<testsuite ignored="0" hostname="DESKTOP-KCVT8GQ" failures="0" tests="4" name="Default test" time="263.213" errors="0" timestamp="2020-10-20T09:16:19 EEST">
  <testcase classname="SearchAreaTest" name="propertySearch" time="18.364"/>
  <testcase classname="SearchAreaTest" name="setSearchCriteria" time="2.972"/>
  <testcase classname="SearchAreaTest" name="verifySearchResults" time="178.711"/>
  <testcase classname="SearchAreaTest" name="verifyResultsSortedCorrectly" time="51.554"/>
</testsuite> <!-- Default test -->
