<?xml version="1.0" encoding="UTF-8"?>
<testng-results ignored="0" total="4" passed="4" failed="0" skipped="0">
  <reporter-output>
  </reporter-output>
  <suite started-at="2020-10-20T09:11:56 EEST" name="Default suite" finished-at="2020-10-20T09:16:19 EEST" duration-ms="263213">
    <groups>
    </groups>
    <test started-at="2020-10-20T09:11:56 EEST" name="Default test" finished-at="2020-10-20T09:16:19 EEST" duration-ms="263213">
      <class name="SearchAreaTest">
        <test-method is-config="true" signature="setupDriver()[pri:0, instance:SearchAreaTest@484970b0]" started-at="2020-10-20T09:11:56 EEST" name="setupDriver" finished-at="2020-10-20T09:12:01 EEST" duration-ms="5406" status="PASS">
          <reporter-output>
          </reporter-output>
        </test-method> <!-- setupDriver -->
        <test-method signature="propertySearch()[pri:1, instance:SearchAreaTest@484970b0]" started-at="2020-10-20T09:12:01 EEST" name="propertySearch" description="This method searches for rent ads for the given area and all related areas" finished-at="2020-10-20T09:12:19 EEST" duration-ms="18364" status="PASS">
          <reporter-output>
          </reporter-output>
        </test-method> <!-- propertySearch -->
        <test-method signature="setSearchCriteria()[pri:2, instance:SearchAreaTest@484970b0]" started-at="2020-10-20T09:12:19 EEST" name="setSearchCriteria" description="This method sets the search criteria for price range and square footage range" finished-at="2020-10-20T09:12:22 EEST" duration-ms="2972" status="PASS">
          <reporter-output>
          </reporter-output>
        </test-method> <!-- setSearchCriteria -->
        <test-method signature="verifySearchResults()[pri:3, instance:SearchAreaTest@484970b0]" started-at="2020-10-20T09:12:22 EEST" name="verifySearchResults" description="This method validates the search results are within the price range, square footage range and no ad exceeds number of pictures" finished-at="2020-10-20T09:15:21 EEST" duration-ms="178711" status="PASS">
          <reporter-output>
          </reporter-output>
        </test-method> <!-- verifySearchResults -->
        <test-method signature="verifyResultsSortedCorrectly()[pri:4, instance:SearchAreaTest@484970b0]" started-at="2020-10-20T09:15:21 EEST" name="verifyResultsSortedCorrectly" description="This method sorts the search results by descending price and verifies the results are correctly sorted" finished-at="2020-10-20T09:16:13 EEST" duration-ms="51554" status="PASS">
          <reporter-output>
          </reporter-output>
        </test-method> <!-- verifyResultsSortedCorrectly -->
        <test-method is-config="true" signature="tearDown()[pri:0, instance:SearchAreaTest@484970b0]" started-at="2020-10-20T09:16:13 EEST" name="tearDown" finished-at="2020-10-20T09:16:19 EEST" duration-ms="6148" status="PASS">
          <reporter-output>
          </reporter-output>
        </test-method> <!-- tearDown -->
      </class> <!-- SearchAreaTest -->
    </test> <!-- Default test -->
  </suite> <!-- Default suite -->
</testng-results>
